{"level":"warn","message":"ruta '/informs' método 'GET' no implementada"}
{"level":"warn","message":"ruta '/favicon.ico' método 'GET' no implementada"}
{"level":"warn","message":"ruta '/favicon.ico' método 'GET' no implementada"}
{"level":"warn","message":"ruta '/favicon.ico' método 'GET' no implementada"}
{"level":"warn","message":"ruta '/favicon.ico' método 'GET' no implementada"}
{"level":"warn","message":"ruta '/favicon.ico' método 'GET' no implementada"}
{"level":"warn","message":"ruta '/favicon.ico' método 'GET' no implementada"}
{"level":"warn","message":"ruta '/favicon.ico' método 'GET' no implementada"}
{"level":"warn","message":"ruta '/favicon.ico' método 'GET' no implementada"}
{"level":"warn","message":"ruta '/favicon.ico' método 'GET' no implementada"}
{"level":"warn","message":"ruta '/favicon.ico' método 'GET' no implementada"}
{"level":"warn","message":"ruta '/favicon.ico' método 'GET' no implementada"}
{"level":"warn","message":"ruta '/favicon.ico' método 'GET' no implementada"}
{"level":"warn","message":"ruta '/js/handlebars-v4.7.6.js' método 'GET' no implementada"}
{"level":"warn","message":"ruta '/js/main.js' método 'GET' no implementada"}
{"level":"warn","message":"ruta '/favicon.ico' método 'GET' no implementada"}
{"level":"warn","message":"ruta '/js/main.js' método 'GET' no implementada"}
{"level":"warn","message":"ruta '/js/handlebars-v4.7.6.js' método 'GET' no implementada"}
{"level":"warn","message":"ruta '/js/handlebars-v4.7.6.js' método 'GET' no implementada"}
{"level":"warn","message":"ruta '/js/main.js' método 'GET' no implementada"}
{"level":"warn","message":"ruta '/favicon.ico' método 'GET' no implementada"}
{"level":"warn","message":"ruta '/js/handlebars-v4.7.6.js' método 'GET' no implementada"}
{"level":"warn","message":"ruta '/js/main.js' método 'GET' no implementada"}
{"level":"warn","message":"ruta '/favicon.ico' método 'GET' no implementada"}
{"level":"warn","message":"ruta '/favicon.ico' método 'GET' no implementada"}
{"level":"warn","message":"ruta '/public/js/handlebars-v4.7.6.js' método 'GET' no implementada"}
{"level":"warn","message":"ruta '/public/js/main.js' método 'GET' no implementada"}
{"level":"warn","message":"ruta '/favicon.ico' método 'GET' no implementada"}
{"level":"warn","message":"ruta '/favicon.ico' método 'GET' no implementada"}
{"level":"warn","message":"ruta '/favicon.ico' método 'GET' no implementada"}
{"level":"warn","message":"ruta '/favicon.ico' método 'GET' no implementada"}
{"level":"warn","message":"ruta '/favicon.ico' método 'GET' no implementada"}
